<?xml version="1.0" encoding="UTF-8"?>
<!-- Generated by org.testng.reporters.JUnitReportReporter -->
<testsuite hostname="Sajid" name="ch.main.test.MainAppTest" tests="1" failures="0" timestamp="28 Jun 2015 18:00:11 GMT" time="0.317" errors="0">
  <testcase name="f" time="0.317" classname="ch.main.test.MainAppTest"/>
</testsuite> <!-- ch.main.test.MainAppTest -->
